<?xml version="1.0" encoding="UTF-8"?>
<!-- Generated by org.testng.reporters.JUnitXMLReporter -->
<testsuite hostname="NadaPC" ignored="0" name="Default test" tests="4" failures="0" timestamp="07 Apr 2019 20:33:44 GMT" time="144.826" errors="0">
  <testcase name="neededParams" time="0.192" classname="edf3ly.ng"/>
  <testcase name="launchBrowser" time="24.881" classname="edf3ly.ng"/>
  <testcase name="edf3lyOpenning" time="82.337" classname="edf3ly.ng"/>
  <testcase name="buyProduct" time="37.082" classname="edf3ly.ng"/>
</testsuite> <!-- Default test -->
