<?xml version="1.0" encoding="UTF-8"?>
<testng-results skipped="0" failed="0" ignored="0" total="4" passed="4">
  <reporter-output>
  </reporter-output>
  <suite name="Default suite" duration-ms="144826" started-at="2019-04-07T20:31:19Z" finished-at="2019-04-07T20:33:43Z">
    <groups>
    </groups>
    <test name="Default test" duration-ms="144826" started-at="2019-04-07T20:31:19Z" finished-at="2019-04-07T20:33:43Z">
      <class name="edf3ly.ng">
        <test-method status="PASS" signature="neededParams()[pri:0, instance:edf3ly.ng@58651fd0]" name="neededParams" duration-ms="192" started-at="2019-04-07T20:31:19Z" finished-at="2019-04-07T20:31:19Z">
          <reporter-output>
          </reporter-output>
        </test-method> <!-- neededParams -->
        <test-method status="PASS" signature="launchBrowser()[pri:0, instance:edf3ly.ng@58651fd0]" name="launchBrowser" duration-ms="24881" started-at="2019-04-07T20:31:19Z" depends-on-methods="edf3ly.ng.neededParams" finished-at="2019-04-07T20:31:44Z">
          <reporter-output>
          </reporter-output>
        </test-method> <!-- launchBrowser -->
        <test-method status="PASS" signature="edf3lyOpenning()[pri:0, instance:edf3ly.ng@58651fd0]" name="edf3lyOpenning" duration-ms="82337" started-at="2019-04-07T20:31:44Z" depends-on-methods="edf3ly.ng.launchBrowser" finished-at="2019-04-07T20:33:06Z">
          <reporter-output>
          </reporter-output>
        </test-method> <!-- edf3lyOpenning -->
        <test-method status="PASS" signature="buyProduct()[pri:0, instance:edf3ly.ng@58651fd0]" name="buyProduct" duration-ms="37082" started-at="2019-04-07T20:33:06Z" depends-on-methods="edf3ly.ng.edf3lyOpenning" finished-at="2019-04-07T20:33:43Z">
          <reporter-output>
          </reporter-output>
        </test-method> <!-- buyProduct -->
      </class> <!-- edf3ly.ng -->
    </test> <!-- Default test -->
  </suite> <!-- Default suite -->
</testng-results>
